<html>
<head>
<title>TestNG:  Test</title>
<link href="../testng.css" rel="stylesheet" type="text/css" />
<link href="../my-testng.css" rel="stylesheet" type="text/css" />

<style type="text/css">
.log { display: none;} 
.stack-trace { display: none;} 
</style>
<script type="text/javascript">
<!--
function flip(e) {
  current = e.style.display;
  if (current == 'block') {
    e.style.display = 'none';
    return 0;
  }
  else {
    e.style.display = 'block';
    return 1;
  }
}

function toggleBox(szDivId, elem, msg1, msg2)
{
  var res = -1;  if (document.getElementById) {
    res = flip(document.getElementById(szDivId));
  }
  else if (document.all) {
    // this is the way old msie versions work
    res = flip(document.all[szDivId]);
  }
  if(elem) {
    if(res == 0) elem.innerHTML = msg1; else elem.innerHTML = msg2;
  }

}

function toggleAllBoxes() {
  if (document.getElementsByTagName) {
    d = document.getElementsByTagName('div');
    for (i = 0; i < d.length; i++) {
      if (d[i].className == 'log') {
        flip(d[i]);
      }
    }
  }
}

// -->
</script>

</head>
<body>
<h2 align='center'>Test</h2><table border='1' align="center">
<tr>
<td>Tests passed/Failed/Skipped:</td><td>7/3/1</td>
</tr><tr>
<td>Started on:</td><td>Wed Apr 06 10:52:41 IST 2022</td>
</tr>
<tr><td>Total time:</td><td>268 seconds (268048 ms)</td>
</tr><tr>
<td>Included groups:</td><td></td>
</tr><tr>
<td>Excluded groups:</td><td></td>
</tr>
</table><p/>
<small><i>(Hover the method name to see the test class name)</i></small><p/>
<table width='100%' border='1' class='invocation-failed'>
<tr><td colspan='4' align='center'><b>FAILED TESTS</b></td></tr>
<tr><td><b>Test method</b></td>
<td width="30%"><b>Exception</b></td>
<td width="10%"><b>Time (seconds)</b></td>
<td><b>Instance</b></td>
</tr>
<tr>
<td title='BillRunFirst.ElectrImportSetupTools.AddCyclewithCustomer()'><b>AddCyclewithCustomer</b><br>Test class: BillRunFirst.ElectrImportSetupTools<br/>
<a href="#Output-1447685190" onClick='toggleBox("Output-1447685190", this, "Show output", "Hide output");'>Show output</a>

<a href="#Output-1447685190" onClick="toggleAllBoxes();">Show all outputs</a>
<div class='log' id="Output-1447685190">
*Admin main menu not displayed-----Expected condition failed: waiting for element to be clickable: By.linkText: Admin (tried for 60 second(s) with 500 MILLISECONDS interval)<br/>
</div>
</td>
<td><div><pre>java.lang.NullPointerException
	at BillRunFirst.ElectrImportSetupTools.AddCyclewithCustomer(ElectrImportSetupTools.java:235)
... Removed 27 stack frames</pre></div><a href='#' onClick='toggleBox("stack-trace1447685190", this, "Click to show all stack frames", "Click to hide stack frames")'>Click to show all stack frames</a>
<div class='stack-trace' id='stack-trace1447685190'><pre>java.lang.NullPointerException
	at BillRunFirst.ElectrImportSetupTools.AddCyclewithCustomer(ElectrImportSetupTools.java:235)
	at sun.reflect.NativeMethodAccessorImpl.invoke0(Native Method)
	at sun.reflect.NativeMethodAccessorImpl.invoke(NativeMethodAccessorImpl.java:62)
	at sun.reflect.DelegatingMethodAccessorImpl.invoke(DelegatingMethodAccessorImpl.java:43)
	at java.lang.reflect.Method.invoke(Method.java:498)
	at org.testng.internal.MethodInvocationHelper.invokeMethod(MethodInvocationHelper.java:86)
	at org.testng.internal.Invoker.invokeMethod(Invoker.java:643)
	at org.testng.internal.Invoker.invokeTestMethod(Invoker.java:820)
	at org.testng.internal.Invoker.invokeTestMethods(Invoker.java:1128)
	at org.testng.internal.TestMethodWorker.invokeTestMethods(TestMethodWorker.java:129)
	at org.testng.internal.TestMethodWorker.run(TestMethodWorker.java:112)
	at org.testng.TestRunner.privateRun(TestRunner.java:782)
	at org.testng.TestRunner.run(TestRunner.java:632)
	at org.testng.SuiteRunner.runTest(SuiteRunner.java:366)
	at org.testng.SuiteRunner.runSequentially(SuiteRunner.java:361)
	at org.testng.SuiteRunner.privateRun(SuiteRunner.java:319)
	at org.testng.SuiteRunner.run(SuiteRunner.java:268)
	at org.testng.SuiteRunnerWorker.runSuite(SuiteRunnerWorker.java:52)
	at org.testng.SuiteRunnerWorker.run(SuiteRunnerWorker.java:86)
	at org.testng.TestNG.runSuitesSequentially(TestNG.java:1244)
	at org.testng.TestNG.runSuitesLocally(TestNG.java:1169)
	at org.testng.TestNG.run(TestNG.java:1064)
	at org.apache.maven.surefire.testng.TestNGExecutor.run(TestNGExecutor.java:281)
	at org.apache.maven.surefire.testng.TestNGXmlTestSuite.execute(TestNGXmlTestSuite.java:75)
	at org.apache.maven.surefire.testng.TestNGProvider.invoke(TestNGProvider.java:121)
	at org.apache.maven.surefire.booter.ForkedBooter.invokeProviderInSameClassLoader(ForkedBooter.java:290)
	at org.apache.maven.surefire.booter.ForkedBooter.runSuitesInProcess(ForkedBooter.java:242)
	at org.apache.maven.surefire.booter.ForkedBooter.main(ForkedBooter.java:121)
</pre></div></td>
<td>60</td>
<td>BillRunFirst.ElectrImportSetupTools@668bc3d5</td></tr>
<tr>
<td title='BillRunFirst.ElectrImportSetupTools.CustomerAndService()'><b>CustomerAndService</b><br>Test class: BillRunFirst.ElectrImportSetupTools<br/>
<a href="#Output-1637613097" onClick='toggleBox("Output-1637613097", this, "Show output", "Hide output");'>Show output</a>

<a href="#Output-1637613097" onClick="toggleAllBoxes();">Show all outputs</a>
<div class='log' id="Output-1637613097">
*plan_mainmebu not displayed-----Expected condition failed: waiting for element to be clickable: By.xpath: .//*[text()='Plans'] (tried for 60 second(s) with 500 MILLISECONDS interval)<br/>
</div>
</td>
<td><div><pre>java.lang.NullPointerException
	at BillRunFirst.ElectrImportSetupTools.CustomerAndService(ElectrImportSetupTools.java:67)
... Removed 27 stack frames</pre></div><a href='#' onClick='toggleBox("stack-trace1637613097", this, "Click to show all stack frames", "Click to hide stack frames")'>Click to show all stack frames</a>
<div class='stack-trace' id='stack-trace1637613097'><pre>java.lang.NullPointerException
	at BillRunFirst.ElectrImportSetupTools.CustomerAndService(ElectrImportSetupTools.java:67)
	at sun.reflect.NativeMethodAccessorImpl.invoke0(Native Method)
	at sun.reflect.NativeMethodAccessorImpl.invoke(NativeMethodAccessorImpl.java:62)
	at sun.reflect.DelegatingMethodAccessorImpl.invoke(DelegatingMethodAccessorImpl.java:43)
	at java.lang.reflect.Method.invoke(Method.java:498)
	at org.testng.internal.MethodInvocationHelper.invokeMethod(MethodInvocationHelper.java:86)
	at org.testng.internal.Invoker.invokeMethod(Invoker.java:643)
	at org.testng.internal.Invoker.invokeTestMethod(Invoker.java:820)
	at org.testng.internal.Invoker.invokeTestMethods(Invoker.java:1128)
	at org.testng.internal.TestMethodWorker.invokeTestMethods(TestMethodWorker.java:129)
	at org.testng.internal.TestMethodWorker.run(TestMethodWorker.java:112)
	at org.testng.TestRunner.privateRun(TestRunner.java:782)
	at org.testng.TestRunner.run(TestRunner.java:632)
	at org.testng.SuiteRunner.runTest(SuiteRunner.java:366)
	at org.testng.SuiteRunner.runSequentially(SuiteRunner.java:361)
	at org.testng.SuiteRunner.privateRun(SuiteRunner.java:319)
	at org.testng.SuiteRunner.run(SuiteRunner.java:268)
	at org.testng.SuiteRunnerWorker.runSuite(SuiteRunnerWorker.java:52)
	at org.testng.SuiteRunnerWorker.run(SuiteRunnerWorker.java:86)
	at org.testng.TestNG.runSuitesSequentially(TestNG.java:1244)
	at org.testng.TestNG.runSuitesLocally(TestNG.java:1169)
	at org.testng.TestNG.run(TestNG.java:1064)
	at org.apache.maven.surefire.testng.TestNGExecutor.run(TestNGExecutor.java:281)
	at org.apache.maven.surefire.testng.TestNGXmlTestSuite.execute(TestNGXmlTestSuite.java:75)
	at org.apache.maven.surefire.testng.TestNGProvider.invoke(TestNGProvider.java:121)
	at org.apache.maven.surefire.booter.ForkedBooter.invokeProviderInSameClassLoader(ForkedBooter.java:290)
	at org.apache.maven.surefire.booter.ForkedBooter.runSuitesInProcess(ForkedBooter.java:242)
	at org.apache.maven.surefire.booter.ForkedBooter.main(ForkedBooter.java:121)
</pre></div></td>
<td>60</td>
<td>BillRunFirst.ElectrImportSetupTools@668bc3d5</td></tr>
<tr>
<td title='BillRunFirst.ElectrImportSetupTools.importSecurityDepositImport()'><b>importSecurityDepositImport</b><br>Test class: BillRunFirst.ElectrImportSetupTools</td>
<td><div><pre>java.lang.NumberFormatException: For input string: &quot;&quot;
	at java.lang.NumberFormatException.forInputString(NumberFormatException.java:65)
	at java.lang.Long.parseLong(Long.java:601)
	at java.lang.Long.parseLong(Long.java:631)
	at BillRunFirst.ElectrImportSetupTools.importSecurityDepositImport(ElectrImportSetupTools.java:646)
... Removed 27 stack frames</pre></div><a href='#' onClick='toggleBox("stack-trace955443582", this, "Click to show all stack frames", "Click to hide stack frames")'>Click to show all stack frames</a>
<div class='stack-trace' id='stack-trace955443582'><pre>java.lang.NumberFormatException: For input string: &quot;&quot;
	at java.lang.NumberFormatException.forInputString(NumberFormatException.java:65)
	at java.lang.Long.parseLong(Long.java:601)
	at java.lang.Long.parseLong(Long.java:631)
	at BillRunFirst.ElectrImportSetupTools.importSecurityDepositImport(ElectrImportSetupTools.java:646)
	at sun.reflect.NativeMethodAccessorImpl.invoke0(Native Method)
	at sun.reflect.NativeMethodAccessorImpl.invoke(NativeMethodAccessorImpl.java:62)
	at sun.reflect.DelegatingMethodAccessorImpl.invoke(DelegatingMethodAccessorImpl.java:43)
	at java.lang.reflect.Method.invoke(Method.java:498)
	at org.testng.internal.MethodInvocationHelper.invokeMethod(MethodInvocationHelper.java:86)
	at org.testng.internal.Invoker.invokeMethod(Invoker.java:643)
	at org.testng.internal.Invoker.invokeTestMethod(Invoker.java:820)
	at org.testng.internal.Invoker.invokeTestMethods(Invoker.java:1128)
	at org.testng.internal.TestMethodWorker.invokeTestMethods(TestMethodWorker.java:129)
	at org.testng.internal.TestMethodWorker.run(TestMethodWorker.java:112)
	at org.testng.TestRunner.privateRun(TestRunner.java:782)
	at org.testng.TestRunner.run(TestRunner.java:632)
	at org.testng.SuiteRunner.runTest(SuiteRunner.java:366)
	at org.testng.SuiteRunner.runSequentially(SuiteRunner.java:361)
	at org.testng.SuiteRunner.privateRun(SuiteRunner.java:319)
	at org.testng.SuiteRunner.run(SuiteRunner.java:268)
	at org.testng.SuiteRunnerWorker.runSuite(SuiteRunnerWorker.java:52)
	at org.testng.SuiteRunnerWorker.run(SuiteRunnerWorker.java:86)
	at org.testng.TestNG.runSuitesSequentially(TestNG.java:1244)
	at org.testng.TestNG.runSuitesLocally(TestNG.java:1169)
	at org.testng.TestNG.run(TestNG.java:1064)
	at org.apache.maven.surefire.testng.TestNGExecutor.run(TestNGExecutor.java:281)
	at org.apache.maven.surefire.testng.TestNGXmlTestSuite.execute(TestNGXmlTestSuite.java:75)
	at org.apache.maven.surefire.testng.TestNGProvider.invoke(TestNGProvider.java:121)
	at org.apache.maven.surefire.booter.ForkedBooter.invokeProviderInSameClassLoader(ForkedBooter.java:290)
	at org.apache.maven.surefire.booter.ForkedBooter.runSuitesInProcess(ForkedBooter.java:242)
	at org.apache.maven.surefire.booter.ForkedBooter.main(ForkedBooter.java:121)
</pre></div></td>
<td>0</td>
<td>BillRunFirst.ElectrImportSetupTools@668bc3d5</td></tr>
</table><p>
<table width='100%' border='1' class='invocation-passed'>
<tr><td colspan='4' align='center'><b>PASSED TESTS</b></td></tr>
<tr><td><b>Test method</b></td>
<td width="30%"><b>Exception</b></td>
<td width="10%"><b>Time (seconds)</b></td>
<td><b>Instance</b></td>
</tr>
<tr>
<td title='BillRunFirst.ElectrImportSetupTools.Prorated_Tariff()'><b>Prorated_Tariff</b><br>Test class: BillRunFirst.ElectrImportSetupTools</td>
<td></td>
<td>22</td>
<td>BillRunFirst.ElectrImportSetupTools@668bc3d5</td></tr>
<tr>
<td title='BillRunFirst.ElectrImportSetupTools.TransferCustomerFrom_AnotherCycle()'><b>TransferCustomerFrom_AnotherCycle</b><br>Test class: BillRunFirst.ElectrImportSetupTools</td>
<td></td>
<td>20</td>
<td>BillRunFirst.ElectrImportSetupTools@668bc3d5</td></tr>
<tr>
<td title='BillRunFirst.ElectrImportSetupTools.importManualOnceOffCharges()'><b>importManualOnceOffCharges</b><br>Test class: BillRunFirst.ElectrImportSetupTools</td>
<td></td>
<td>17</td>
<td>BillRunFirst.ElectrImportSetupTools@668bc3d5</td></tr>
<tr>
<td title='BillRunFirst.ElectrImportSetupTools.importManualRecurringCharge()'><b>importManualRecurringCharge</b><br>Test class: BillRunFirst.ElectrImportSetupTools</td>
<td></td>
<td>15</td>
<td>BillRunFirst.ElectrImportSetupTools@668bc3d5</td></tr>
<tr>
<td title='BillRunFirst.ElectrImportSetupTools.importMeterNumberImport()'><b>importMeterNumberImport</b><br>Test class: BillRunFirst.ElectrImportSetupTools</td>
<td></td>
<td>24</td>
<td>BillRunFirst.ElectrImportSetupTools@668bc3d5</td></tr>
<tr>
<td title='BillRunFirst.ElectrImportSetupTools.importPayment()'><b>importPayment</b><br>Test class: BillRunFirst.ElectrImportSetupTools</td>
<td></td>
<td>13</td>
<td>BillRunFirst.ElectrImportSetupTools@668bc3d5</td></tr>
<tr>
<td title='BillRunFirst.ElectrImportSetupTools.importdemandReads()'><b>importdemandReads</b><br>Test class: BillRunFirst.ElectrImportSetupTools</td>
<td></td>
<td>16</td>
<td>BillRunFirst.ElectrImportSetupTools@668bc3d5</td></tr>
</table><p>
<table width='100%' border='1' class='invocation-skipped'>
<tr><td colspan='4' align='center'><b>SKIPPED TESTS</b></td></tr>
<tr><td><b>Test method</b></td>
<td width="30%"><b>Exception</b></td>
<td width="10%"><b>Time (seconds)</b></td>
<td><b>Instance</b></td>
</tr>
<tr>
<td title='BillRunFirst.ElectrImportSetupTools.RatePlanImport()'><b>RatePlanImport</b><br>Test class: BillRunFirst.ElectrImportSetupTools</td>
<td><div><pre>org.testng.SkipException: close testing by liam 
	at BillRunFirst.ElectrImportSetupTools.RatePlanImport(ElectrImportSetupTools.java:768)
... Removed 27 stack frames</pre></div><a href='#' onClick='toggleBox("stack-trace842422776", this, "Click to show all stack frames", "Click to hide stack frames")'>Click to show all stack frames</a>
<div class='stack-trace' id='stack-trace842422776'><pre>org.testng.SkipException: close testing by liam 
	at BillRunFirst.ElectrImportSetupTools.RatePlanImport(ElectrImportSetupTools.java:768)
	at sun.reflect.NativeMethodAccessorImpl.invoke0(Native Method)
	at sun.reflect.NativeMethodAccessorImpl.invoke(NativeMethodAccessorImpl.java:62)
	at sun.reflect.DelegatingMethodAccessorImpl.invoke(DelegatingMethodAccessorImpl.java:43)
	at java.lang.reflect.Method.invoke(Method.java:498)
	at org.testng.internal.MethodInvocationHelper.invokeMethod(MethodInvocationHelper.java:86)
	at org.testng.internal.Invoker.invokeMethod(Invoker.java:643)
	at org.testng.internal.Invoker.invokeTestMethod(Invoker.java:820)
	at org.testng.internal.Invoker.invokeTestMethods(Invoker.java:1128)
	at org.testng.internal.TestMethodWorker.invokeTestMethods(TestMethodWorker.java:129)
	at org.testng.internal.TestMethodWorker.run(TestMethodWorker.java:112)
	at org.testng.TestRunner.privateRun(TestRunner.java:782)
	at org.testng.TestRunner.run(TestRunner.java:632)
	at org.testng.SuiteRunner.runTest(SuiteRunner.java:366)
	at org.testng.SuiteRunner.runSequentially(SuiteRunner.java:361)
	at org.testng.SuiteRunner.privateRun(SuiteRunner.java:319)
	at org.testng.SuiteRunner.run(SuiteRunner.java:268)
	at org.testng.SuiteRunnerWorker.runSuite(SuiteRunnerWorker.java:52)
	at org.testng.SuiteRunnerWorker.run(SuiteRunnerWorker.java:86)
	at org.testng.TestNG.runSuitesSequentially(TestNG.java:1244)
	at org.testng.TestNG.runSuitesLocally(TestNG.java:1169)
	at org.testng.TestNG.run(TestNG.java:1064)
	at org.apache.maven.surefire.testng.TestNGExecutor.run(TestNGExecutor.java:281)
	at org.apache.maven.surefire.testng.TestNGXmlTestSuite.execute(TestNGXmlTestSuite.java:75)
	at org.apache.maven.surefire.testng.TestNGProvider.invoke(TestNGProvider.java:121)
	at org.apache.maven.surefire.booter.ForkedBooter.invokeProviderInSameClassLoader(ForkedBooter.java:290)
	at org.apache.maven.surefire.booter.ForkedBooter.runSuitesInProcess(ForkedBooter.java:242)
	at org.apache.maven.surefire.booter.ForkedBooter.main(ForkedBooter.java:121)
</pre></div></td>
<td>0</td>
<td>BillRunFirst.ElectrImportSetupTools@668bc3d5</td></tr>
</table><p>
</body>
</html>