<?xml version="1.0" encoding="UTF-8"?>
<testng-results skipped="1" failed="3" total="11" passed="7">
  <reporter-output>
    <line>
      <![CDATA[*plan_mainmebu not displayed-----Expected condition failed: waiting for element to be clickable: By.xpath: .//*[text()='Plans'] (tried for 60 second(s) with 500 MILLISECONDS interval)]]>
    </line>
    <line>
      <![CDATA[*Admin main menu not displayed-----Expected condition failed: waiting for element to be clickable: By.linkText: Admin (tried for 60 second(s) with 500 MILLISECONDS interval)]]>
    </line>
  </reporter-output>
  <suite name="Suite" duration-ms="268048" started-at="2022-04-06T05:22:41Z" finished-at="2022-04-06T05:27:09Z">
    <groups>
    </groups>
    <test name="Test" duration-ms="268048" started-at="2022-04-06T05:22:41Z" finished-at="2022-04-06T05:27:09Z">
      <class name="BillRunFirst.ElectrImportSetupTools">
        <test-method status="PASS" signature="Login(java.lang.String, java.lang.String, java.lang.String)[pri:0, instance:BillRunFirst.ElectrImportSetupTools@668bc3d5]" name="Login" is-config="true" duration-ms="17059" started-at="2022-04-06T10:52:41Z" finished-at="2022-04-06T10:52:58Z">
          <params>
            <param index="0">
              <value>
                <![CDATA[nuruat146@yopmail.com]]>
              </value>
            </param>
            <param index="1">
              <value>
                <![CDATA[C123456789@c]]>
              </value>
            </param>
            <param index="2">
              <value>
                <![CDATA[https://nuruat.utilibill.com.au/nur/]]>
              </value>
            </param>
          </params>
          <reporter-output>
          </reporter-output>
        </test-method> <!-- Login -->
        <test-method status="FAIL" signature="CustomerAndService()[pri:1, instance:BillRunFirst.ElectrImportSetupTools@668bc3d5]" name="CustomerAndService" duration-ms="60316" started-at="2022-04-06T10:52:58Z" finished-at="2022-04-06T10:53:58Z">
          <exception class="java.lang.NullPointerException">
            <full-stacktrace>
              <![CDATA[java.lang.NullPointerException
	at BillRunFirst.ElectrImportSetupTools.CustomerAndService(ElectrImportSetupTools.java:67)
	at sun.reflect.NativeMethodAccessorImpl.invoke0(Native Method)
	at sun.reflect.NativeMethodAccessorImpl.invoke(NativeMethodAccessorImpl.java:62)
	at sun.reflect.DelegatingMethodAccessorImpl.invoke(DelegatingMethodAccessorImpl.java:43)
	at java.lang.reflect.Method.invoke(Method.java:498)
	at org.testng.internal.MethodInvocationHelper.invokeMethod(MethodInvocationHelper.java:86)
	at org.testng.internal.Invoker.invokeMethod(Invoker.java:643)
	at org.testng.internal.Invoker.invokeTestMethod(Invoker.java:820)
	at org.testng.internal.Invoker.invokeTestMethods(Invoker.java:1128)
	at org.testng.internal.TestMethodWorker.invokeTestMethods(TestMethodWorker.java:129)
	at org.testng.internal.TestMethodWorker.run(TestMethodWorker.java:112)
	at org.testng.TestRunner.privateRun(TestRunner.java:782)
	at org.testng.TestRunner.run(TestRunner.java:632)
	at org.testng.SuiteRunner.runTest(SuiteRunner.java:366)
	at org.testng.SuiteRunner.runSequentially(SuiteRunner.java:361)
	at org.testng.SuiteRunner.privateRun(SuiteRunner.java:319)
	at org.testng.SuiteRunner.run(SuiteRunner.java:268)
	at org.testng.SuiteRunnerWorker.runSuite(SuiteRunnerWorker.java:52)
	at org.testng.SuiteRunnerWorker.run(SuiteRunnerWorker.java:86)
	at org.testng.TestNG.runSuitesSequentially(TestNG.java:1244)
	at org.testng.TestNG.runSuitesLocally(TestNG.java:1169)
	at org.testng.TestNG.run(TestNG.java:1064)
	at org.apache.maven.surefire.testng.TestNGExecutor.run(TestNGExecutor.java:281)
	at org.apache.maven.surefire.testng.TestNGXmlTestSuite.execute(TestNGXmlTestSuite.java:75)
	at org.apache.maven.surefire.testng.TestNGProvider.invoke(TestNGProvider.java:121)
	at org.apache.maven.surefire.booter.ForkedBooter.invokeProviderInSameClassLoader(ForkedBooter.java:290)
	at org.apache.maven.surefire.booter.ForkedBooter.runSuitesInProcess(ForkedBooter.java:242)
	at org.apache.maven.surefire.booter.ForkedBooter.main(ForkedBooter.java:121)
]]>
            </full-stacktrace>
          </exception> <!-- java.lang.NullPointerException -->
          <reporter-output>
            <line>
              <![CDATA[*plan_mainmebu not displayed-----Expected condition failed: waiting for element to be clickable: By.xpath: .//*[text()='Plans'] (tried for 60 second(s) with 500 MILLISECONDS interval)]]>
            </line>
          </reporter-output>
        </test-method> <!-- CustomerAndService -->
        <test-method status="FAIL" signature="AddCyclewithCustomer()[pri:2, instance:BillRunFirst.ElectrImportSetupTools@668bc3d5]" name="AddCyclewithCustomer" duration-ms="60260" started-at="2022-04-06T10:53:58Z" finished-at="2022-04-06T10:54:58Z">
          <exception class="java.lang.NullPointerException">
            <full-stacktrace>
              <![CDATA[java.lang.NullPointerException
	at BillRunFirst.ElectrImportSetupTools.AddCyclewithCustomer(ElectrImportSetupTools.java:235)
	at sun.reflect.NativeMethodAccessorImpl.invoke0(Native Method)
	at sun.reflect.NativeMethodAccessorImpl.invoke(NativeMethodAccessorImpl.java:62)
	at sun.reflect.DelegatingMethodAccessorImpl.invoke(DelegatingMethodAccessorImpl.java:43)
	at java.lang.reflect.Method.invoke(Method.java:498)
	at org.testng.internal.MethodInvocationHelper.invokeMethod(MethodInvocationHelper.java:86)
	at org.testng.internal.Invoker.invokeMethod(Invoker.java:643)
	at org.testng.internal.Invoker.invokeTestMethod(Invoker.java:820)
	at org.testng.internal.Invoker.invokeTestMethods(Invoker.java:1128)
	at org.testng.internal.TestMethodWorker.invokeTestMethods(TestMethodWorker.java:129)
	at org.testng.internal.TestMethodWorker.run(TestMethodWorker.java:112)
	at org.testng.TestRunner.privateRun(TestRunner.java:782)
	at org.testng.TestRunner.run(TestRunner.java:632)
	at org.testng.SuiteRunner.runTest(SuiteRunner.java:366)
	at org.testng.SuiteRunner.runSequentially(SuiteRunner.java:361)
	at org.testng.SuiteRunner.privateRun(SuiteRunner.java:319)
	at org.testng.SuiteRunner.run(SuiteRunner.java:268)
	at org.testng.SuiteRunnerWorker.runSuite(SuiteRunnerWorker.java:52)
	at org.testng.SuiteRunnerWorker.run(SuiteRunnerWorker.java:86)
	at org.testng.TestNG.runSuitesSequentially(TestNG.java:1244)
	at org.testng.TestNG.runSuitesLocally(TestNG.java:1169)
	at org.testng.TestNG.run(TestNG.java:1064)
	at org.apache.maven.surefire.testng.TestNGExecutor.run(TestNGExecutor.java:281)
	at org.apache.maven.surefire.testng.TestNGXmlTestSuite.execute(TestNGXmlTestSuite.java:75)
	at org.apache.maven.surefire.testng.TestNGProvider.invoke(TestNGProvider.java:121)
	at org.apache.maven.surefire.booter.ForkedBooter.invokeProviderInSameClassLoader(ForkedBooter.java:290)
	at org.apache.maven.surefire.booter.ForkedBooter.runSuitesInProcess(ForkedBooter.java:242)
	at org.apache.maven.surefire.booter.ForkedBooter.main(ForkedBooter.java:121)
]]>
            </full-stacktrace>
          </exception> <!-- java.lang.NullPointerException -->
          <reporter-output>
            <line>
              <![CDATA[*Admin main menu not displayed-----Expected condition failed: waiting for element to be clickable: By.linkText: Admin (tried for 60 second(s) with 500 MILLISECONDS interval)]]>
            </line>
          </reporter-output>
        </test-method> <!-- AddCyclewithCustomer -->
        <test-method status="PASS" signature="TransferCustomerFrom_AnotherCycle()[pri:3, instance:BillRunFirst.ElectrImportSetupTools@668bc3d5]" name="TransferCustomerFrom_AnotherCycle" duration-ms="20000" started-at="2022-04-06T10:54:58Z" finished-at="2022-04-06T10:55:18Z">
          <reporter-output>
          </reporter-output>
        </test-method> <!-- TransferCustomerFrom_AnotherCycle -->
        <test-method status="PASS" signature="importMeterNumberImport()[pri:4, instance:BillRunFirst.ElectrImportSetupTools@668bc3d5]" name="importMeterNumberImport" duration-ms="24978" started-at="2022-04-06T10:55:18Z" finished-at="2022-04-06T10:55:43Z">
          <reporter-output>
          </reporter-output>
        </test-method> <!-- importMeterNumberImport -->
        <test-method status="PASS" signature="importManualRecurringCharge()[pri:5, instance:BillRunFirst.ElectrImportSetupTools@668bc3d5]" name="importManualRecurringCharge" duration-ms="15624" started-at="2022-04-06T10:55:43Z" finished-at="2022-04-06T10:55:59Z">
          <reporter-output>
          </reporter-output>
        </test-method> <!-- importManualRecurringCharge -->
        <test-method status="PASS" signature="importManualOnceOffCharges()[pri:6, instance:BillRunFirst.ElectrImportSetupTools@668bc3d5]" name="importManualOnceOffCharges" duration-ms="17887" started-at="2022-04-06T10:55:59Z" finished-at="2022-04-06T10:56:17Z">
          <reporter-output>
          </reporter-output>
        </test-method> <!-- importManualOnceOffCharges -->
        <test-method status="PASS" signature="importdemandReads()[pri:8, instance:BillRunFirst.ElectrImportSetupTools@668bc3d5]" name="importdemandReads" duration-ms="16254" started-at="2022-04-06T10:56:17Z" finished-at="2022-04-06T10:56:33Z">
          <reporter-output>
          </reporter-output>
        </test-method> <!-- importdemandReads -->
        <test-method status="PASS" signature="Prorated_Tariff()[pri:9, instance:BillRunFirst.ElectrImportSetupTools@668bc3d5]" name="Prorated_Tariff" duration-ms="22037" started-at="2022-04-06T10:56:33Z" finished-at="2022-04-06T10:56:55Z">
          <reporter-output>
          </reporter-output>
        </test-method> <!-- Prorated_Tariff -->
        <test-method status="FAIL" signature="importSecurityDepositImport()[pri:10, instance:BillRunFirst.ElectrImportSetupTools@668bc3d5]" name="importSecurityDepositImport" duration-ms="1" started-at="2022-04-06T10:56:55Z" finished-at="2022-04-06T10:56:55Z">
          <exception class="java.lang.NumberFormatException">
            <message>
              <![CDATA[For input string: ""]]>
            </message>
            <full-stacktrace>
              <![CDATA[java.lang.NumberFormatException: For input string: ""
	at java.lang.NumberFormatException.forInputString(NumberFormatException.java:65)
	at java.lang.Long.parseLong(Long.java:601)
	at java.lang.Long.parseLong(Long.java:631)
	at BillRunFirst.ElectrImportSetupTools.importSecurityDepositImport(ElectrImportSetupTools.java:646)
	at sun.reflect.NativeMethodAccessorImpl.invoke0(Native Method)
	at sun.reflect.NativeMethodAccessorImpl.invoke(NativeMethodAccessorImpl.java:62)
	at sun.reflect.DelegatingMethodAccessorImpl.invoke(DelegatingMethodAccessorImpl.java:43)
	at java.lang.reflect.Method.invoke(Method.java:498)
	at org.testng.internal.MethodInvocationHelper.invokeMethod(MethodInvocationHelper.java:86)
	at org.testng.internal.Invoker.invokeMethod(Invoker.java:643)
	at org.testng.internal.Invoker.invokeTestMethod(Invoker.java:820)
	at org.testng.internal.Invoker.invokeTestMethods(Invoker.java:1128)
	at org.testng.internal.TestMethodWorker.invokeTestMethods(TestMethodWorker.java:129)
	at org.testng.internal.TestMethodWorker.run(TestMethodWorker.java:112)
	at org.testng.TestRunner.privateRun(TestRunner.java:782)
	at org.testng.TestRunner.run(TestRunner.java:632)
	at org.testng.SuiteRunner.runTest(SuiteRunner.java:366)
	at org.testng.SuiteRunner.runSequentially(SuiteRunner.java:361)
	at org.testng.SuiteRunner.privateRun(SuiteRunner.java:319)
	at org.testng.SuiteRunner.run(SuiteRunner.java:268)
	at org.testng.SuiteRunnerWorker.runSuite(SuiteRunnerWorker.java:52)
	at org.testng.SuiteRunnerWorker.run(SuiteRunnerWorker.java:86)
	at org.testng.TestNG.runSuitesSequentially(TestNG.java:1244)
	at org.testng.TestNG.runSuitesLocally(TestNG.java:1169)
	at org.testng.TestNG.run(TestNG.java:1064)
	at org.apache.maven.surefire.testng.TestNGExecutor.run(TestNGExecutor.java:281)
	at org.apache.maven.surefire.testng.TestNGXmlTestSuite.execute(TestNGXmlTestSuite.java:75)
	at org.apache.maven.surefire.testng.TestNGProvider.invoke(TestNGProvider.java:121)
	at org.apache.maven.surefire.booter.ForkedBooter.invokeProviderInSameClassLoader(ForkedBooter.java:290)
	at org.apache.maven.surefire.booter.ForkedBooter.runSuitesInProcess(ForkedBooter.java:242)
	at org.apache.maven.surefire.booter.ForkedBooter.main(ForkedBooter.java:121)
]]>
            </full-stacktrace>
          </exception> <!-- java.lang.NumberFormatException -->
          <reporter-output>
          </reporter-output>
        </test-method> <!-- importSecurityDepositImport -->
        <test-method status="PASS" signature="importPayment()[pri:11, instance:BillRunFirst.ElectrImportSetupTools@668bc3d5]" name="importPayment" duration-ms="13527" started-at="2022-04-06T10:56:55Z" finished-at="2022-04-06T10:57:09Z">
          <reporter-output>
          </reporter-output>
        </test-method> <!-- importPayment -->
        <test-method status="SKIP" signature="RatePlanImport()[pri:12, instance:BillRunFirst.ElectrImportSetupTools@668bc3d5]" name="RatePlanImport" duration-ms="1" started-at="2022-04-06T10:57:09Z" finished-at="2022-04-06T10:57:09Z">
          <exception class="org.testng.SkipException">
            <message>
              <![CDATA[close testing by liam ]]>
            </message>
            <full-stacktrace>
              <![CDATA[org.testng.SkipException: close testing by liam 
	at BillRunFirst.ElectrImportSetupTools.RatePlanImport(ElectrImportSetupTools.java:768)
	at sun.reflect.NativeMethodAccessorImpl.invoke0(Native Method)
	at sun.reflect.NativeMethodAccessorImpl.invoke(NativeMethodAccessorImpl.java:62)
	at sun.reflect.DelegatingMethodAccessorImpl.invoke(DelegatingMethodAccessorImpl.java:43)
	at java.lang.reflect.Method.invoke(Method.java:498)
	at org.testng.internal.MethodInvocationHelper.invokeMethod(MethodInvocationHelper.java:86)
	at org.testng.internal.Invoker.invokeMethod(Invoker.java:643)
	at org.testng.internal.Invoker.invokeTestMethod(Invoker.java:820)
	at org.testng.internal.Invoker.invokeTestMethods(Invoker.java:1128)
	at org.testng.internal.TestMethodWorker.invokeTestMethods(TestMethodWorker.java:129)
	at org.testng.internal.TestMethodWorker.run(TestMethodWorker.java:112)
	at org.testng.TestRunner.privateRun(TestRunner.java:782)
	at org.testng.TestRunner.run(TestRunner.java:632)
	at org.testng.SuiteRunner.runTest(SuiteRunner.java:366)
	at org.testng.SuiteRunner.runSequentially(SuiteRunner.java:361)
	at org.testng.SuiteRunner.privateRun(SuiteRunner.java:319)
	at org.testng.SuiteRunner.run(SuiteRunner.java:268)
	at org.testng.SuiteRunnerWorker.runSuite(SuiteRunnerWorker.java:52)
	at org.testng.SuiteRunnerWorker.run(SuiteRunnerWorker.java:86)
	at org.testng.TestNG.runSuitesSequentially(TestNG.java:1244)
	at org.testng.TestNG.runSuitesLocally(TestNG.java:1169)
	at org.testng.TestNG.run(TestNG.java:1064)
	at org.apache.maven.surefire.testng.TestNGExecutor.run(TestNGExecutor.java:281)
	at org.apache.maven.surefire.testng.TestNGXmlTestSuite.execute(TestNGXmlTestSuite.java:75)
	at org.apache.maven.surefire.testng.TestNGProvider.invoke(TestNGProvider.java:121)
	at org.apache.maven.surefire.booter.ForkedBooter.invokeProviderInSameClassLoader(ForkedBooter.java:290)
	at org.apache.maven.surefire.booter.ForkedBooter.runSuitesInProcess(ForkedBooter.java:242)
	at org.apache.maven.surefire.booter.ForkedBooter.main(ForkedBooter.java:121)
]]>
            </full-stacktrace>
          </exception> <!-- org.testng.SkipException -->
          <reporter-output>
          </reporter-output>
        </test-method> <!-- RatePlanImport -->
        <test-method status="PASS" signature="logout()[pri:0, instance:BillRunFirst.ElectrImportSetupTools@668bc3d5]" name="logout" is-config="true" duration-ms="37" started-at="2022-04-06T10:57:09Z" finished-at="2022-04-06T10:57:09Z">
          <reporter-output>
          </reporter-output>
        </test-method> <!-- logout -->
      </class> <!-- BillRunFirst.ElectrImportSetupTools -->
    </test> <!-- Test -->
  </suite> <!-- Suite -->
</testng-results>
