<?xml version="1.0" encoding="UTF-8"?>
<!-- Generated by org.testng.reporters.JUnitReportReporter -->
<testsuite hostname="DESKTOP-1LU8MBC" failures="0" tests="11" name="BillRunFirst.ElectrImportSetupTools" time="219.905" errors="2" timestamp="2022-08-09T12:40:49 IST" skipped="1">
  <testcase classname="BillRunFirst.ElectrImportSetupTools" name="CustomerAndService" time="84.314">
    <error message="Cannot invoke &quot;org.openqa.selenium.WebElement.click()&quot; because the return value of &quot;Re_usable.Repo_Test.plan_mainmebu()&quot; is null" type="java.lang.NullPointerException">
      <![CDATA[java.lang.NullPointerException: Cannot invoke "org.openqa.selenium.WebElement.click()" because the return value of "Re_usable.Repo_Test.plan_mainmebu()" is null
at BillRunFirst.ElectrImportSetupTools.CustomerAndService(ElectrImportSetupTools.java:81)
at java.base/jdk.internal.reflect.NativeMethodAccessorImpl.invoke0(Native Method)
at java.base/jdk.internal.reflect.NativeMethodAccessorImpl.invoke(NativeMethodAccessorImpl.java:77)
at java.base/jdk.internal.reflect.DelegatingMethodAccessorImpl.invoke(DelegatingMethodAccessorImpl.java:43)
at java.base/java.lang.reflect.Method.invoke(Method.java:568)
at org.testng.internal.MethodInvocationHelper.invokeMethod(MethodInvocationHelper.java:133)
at org.testng.internal.TestInvoker.invokeMethod(TestInvoker.java:598)
at org.testng.internal.TestInvoker.invokeTestMethod(TestInvoker.java:173)
at org.testng.internal.MethodRunner.runInSequence(MethodRunner.java:46)
at org.testng.internal.TestInvoker$MethodInvocationAgent.invoke(TestInvoker.java:824)
at org.testng.internal.TestInvoker.invokeTestMethods(TestInvoker.java:146)
at org.testng.internal.TestMethodWorker.invokeTestMethods(TestMethodWorker.java:146)
at org.testng.internal.TestMethodWorker.run(TestMethodWorker.java:128)
at java.base/java.util.ArrayList.forEach(ArrayList.java:1511)
at org.testng.TestRunner.privateRun(TestRunner.java:794)
at org.testng.TestRunner.run(TestRunner.java:596)
at org.testng.SuiteRunner.runTest(SuiteRunner.java:377)
at org.testng.SuiteRunner.runSequentially(SuiteRunner.java:371)
at org.testng.SuiteRunner.privateRun(SuiteRunner.java:332)
at org.testng.SuiteRunner.run(SuiteRunner.java:276)
at org.testng.SuiteRunnerWorker.runSuite(SuiteRunnerWorker.java:53)
at org.testng.SuiteRunnerWorker.run(SuiteRunnerWorker.java:96)
at org.testng.TestNG.runSuitesSequentially(TestNG.java:1212)
at org.testng.TestNG.runSuitesLocally(TestNG.java:1134)
at org.testng.TestNG.runSuites(TestNG.java:1063)
at org.testng.TestNG.run(TestNG.java:1031)
at org.testng.remote.AbstractRemoteTestNG.run(AbstractRemoteTestNG.java:115)
at org.testng.remote.RemoteTestNG.initAndRun(RemoteTestNG.java:251)
at org.testng.remote.RemoteTestNG.main(RemoteTestNG.java:77)
]]>
    </error>
  </testcase> <!-- CustomerAndService -->
  <system-out>
    <![CDATA[*plan_mainmebu not displayed-----Expected condition failed: waiting for element to be clickable: By.xpath: .//*[text()='Plans'] (tried for 60 second(s) with 500 milliseconds interval)]]>
  </system-out>
  <testcase classname="BillRunFirst.ElectrImportSetupTools" name="AddCyclewithCustomer" time="5.256"/>
  <system-out/>
  <testcase classname="BillRunFirst.ElectrImportSetupTools" name="TransferCustomerFrom_AnotherCycle" time="20.005"/>
  <system-out/>
  <testcase classname="BillRunFirst.ElectrImportSetupTools" name="importMeterNumberImport" time="24.979"/>
  <system-out/>
  <testcase classname="BillRunFirst.ElectrImportSetupTools" name="importManualRecurringCharge" time="15.626"/>
  <system-out/>
  <testcase classname="BillRunFirst.ElectrImportSetupTools" name="importManualOnceOffCharges" time="17.892"/>
  <system-out/>
  <testcase classname="BillRunFirst.ElectrImportSetupTools" name="importdemandReads" time="16.260"/>
  <system-out/>
  <testcase classname="BillRunFirst.ElectrImportSetupTools" name="Prorated_Tariff" time="22.040"/>
  <system-out/>
  <testcase classname="BillRunFirst.ElectrImportSetupTools" name="importSecurityDepositImport" time="0.002">
    <error message="For input string: &quot;&quot;" type="java.lang.NumberFormatException">
      <![CDATA[java.lang.NumberFormatException: For input string: ""
at java.base/java.lang.NumberFormatException.forInputString(NumberFormatException.java:67)
at java.base/java.lang.Long.parseLong(Long.java:721)
at java.base/java.lang.Long.parseLong(Long.java:836)
at BillRunFirst.ElectrImportSetupTools.importSecurityDepositImport(ElectrImportSetupTools.java:668)
at java.base/jdk.internal.reflect.NativeMethodAccessorImpl.invoke0(Native Method)
at java.base/jdk.internal.reflect.NativeMethodAccessorImpl.invoke(NativeMethodAccessorImpl.java:77)
at java.base/jdk.internal.reflect.DelegatingMethodAccessorImpl.invoke(DelegatingMethodAccessorImpl.java:43)
at java.base/java.lang.reflect.Method.invoke(Method.java:568)
at org.testng.internal.MethodInvocationHelper.invokeMethod(MethodInvocationHelper.java:133)
at org.testng.internal.TestInvoker.invokeMethod(TestInvoker.java:598)
at org.testng.internal.TestInvoker.invokeTestMethod(TestInvoker.java:173)
at org.testng.internal.MethodRunner.runInSequence(MethodRunner.java:46)
at org.testng.internal.TestInvoker$MethodInvocationAgent.invoke(TestInvoker.java:824)
at org.testng.internal.TestInvoker.invokeTestMethods(TestInvoker.java:146)
at org.testng.internal.TestMethodWorker.invokeTestMethods(TestMethodWorker.java:146)
at org.testng.internal.TestMethodWorker.run(TestMethodWorker.java:128)
at java.base/java.util.ArrayList.forEach(ArrayList.java:1511)
at org.testng.TestRunner.privateRun(TestRunner.java:794)
at org.testng.TestRunner.run(TestRunner.java:596)
at org.testng.SuiteRunner.runTest(SuiteRunner.java:377)
at org.testng.SuiteRunner.runSequentially(SuiteRunner.java:371)
at org.testng.SuiteRunner.privateRun(SuiteRunner.java:332)
at org.testng.SuiteRunner.run(SuiteRunner.java:276)
at org.testng.SuiteRunnerWorker.runSuite(SuiteRunnerWorker.java:53)
at org.testng.SuiteRunnerWorker.run(SuiteRunnerWorker.java:96)
at org.testng.TestNG.runSuitesSequentially(TestNG.java:1212)
at org.testng.TestNG.runSuitesLocally(TestNG.java:1134)
at org.testng.TestNG.runSuites(TestNG.java:1063)
at org.testng.TestNG.run(TestNG.java:1031)
at org.testng.remote.AbstractRemoteTestNG.run(AbstractRemoteTestNG.java:115)
at org.testng.remote.RemoteTestNG.initAndRun(RemoteTestNG.java:251)
at org.testng.remote.RemoteTestNG.main(RemoteTestNG.java:77)
]]>
    </error>
  </testcase> <!-- importSecurityDepositImport -->
  <system-out/>
  <testcase classname="BillRunFirst.ElectrImportSetupTools" name="importPayment" time="13.530"/>
  <system-out/>
  <testcase classname="BillRunFirst.ElectrImportSetupTools" name="RatePlanImport" time="0.001">
    <skipped/>
  </testcase> <!-- RatePlanImport -->
  <system-out/>
</testsuite> <!-- BillRunFirst.ElectrImportSetupTools -->
