<?xml version="1.0" encoding="UTF-8"?>
<!-- Generated by org.testng.reporters.JUnitReportReporter -->
<testsuite skipped="0" hostname="HPENVY" name="BillRunFirst.ElectBillRun" tests="14" failures="0" timestamp="07 Apr 2022 11:57:33 GMT" time="608.100" errors="1">
  <testcase name="setUpSTMP" time="66.528" classname="BillRunFirst.ElectBillRun"/>
  <testcase name="Email_tempalteSetup" time="36.204" classname="BillRunFirst.ElectBillRun"/>
  <testcase name="SMS_tempalteSetup" time="0.583" classname="BillRunFirst.ElectBillRun">
    <error type="org.openqa.selenium.NoSuchElementException" message="Cannot locate option with index: 1
For documentation on this error, please visit: http://seleniumhq.org/exceptions/no_such_element.html
Build info: version: &#039;3.141.5&#039;, revision: &#039;d54ebd709a&#039;, time: &#039;2018-11-06T11:58:47&#039;
System info: host: &#039;HPENVY&#039;, ip: &#039;172.16.5.242&#039;, os.name: &#039;Windows 8.1&#039;, os.arch: &#039;amd64&#039;, os.version: &#039;6.3&#039;, java.version: &#039;1.8.0_291&#039;
Driver info: driver.version: unknown">
      <![CDATA[org.openqa.selenium.NoSuchElementException: Cannot locate option with index: 1
For documentation on this error, please visit: http://seleniumhq.org/exceptions/no_such_element.html
Build info: version: '3.141.5', revision: 'd54ebd709a', time: '2018-11-06T11:58:47'
System info: host: 'HPENVY', ip: '172.16.5.242', os.name: 'Windows 8.1', os.arch: 'amd64', os.version: '6.3', java.version: '1.8.0_291'
Driver info: driver.version: unknown
at org.openqa.selenium.support.ui.Select.setSelectedByIndex(Select.java:291)
at org.openqa.selenium.support.ui.Select.selectByIndex(Select.java:166)
at BillRunFirst.ElectBillRun.SMS_tempalteSetup(ElectBillRun.java:150)
at sun.reflect.NativeMethodAccessorImpl.invoke0(Native Method)
at sun.reflect.NativeMethodAccessorImpl.invoke(NativeMethodAccessorImpl.java:62)
at sun.reflect.DelegatingMethodAccessorImpl.invoke(DelegatingMethodAccessorImpl.java:43)
at java.lang.reflect.Method.invoke(Method.java:498)
at org.testng.internal.MethodInvocationHelper.invokeMethod(MethodInvocationHelper.java:124)
at org.testng.internal.Invoker.invokeMethod(Invoker.java:583)
at org.testng.internal.Invoker.invokeTestMethod(Invoker.java:719)
at org.testng.internal.Invoker.invokeTestMethods(Invoker.java:989)
at org.testng.internal.TestMethodWorker.invokeTestMethods(TestMethodWorker.java:125)
at org.testng.internal.TestMethodWorker.run(TestMethodWorker.java:109)
at org.testng.TestRunner.privateRun(TestRunner.java:648)
at org.testng.TestRunner.run(TestRunner.java:505)
at org.testng.SuiteRunner.runTest(SuiteRunner.java:455)
at org.testng.SuiteRunner.runSequentially(SuiteRunner.java:450)
at org.testng.SuiteRunner.privateRun(SuiteRunner.java:415)
at org.testng.SuiteRunner.run(SuiteRunner.java:364)
at org.testng.SuiteRunnerWorker.runSuite(SuiteRunnerWorker.java:52)
at org.testng.SuiteRunnerWorker.run(SuiteRunnerWorker.java:84)
at org.testng.TestNG.runSuitesSequentially(TestNG.java:1208)
at org.testng.TestNG.runSuitesLocally(TestNG.java:1137)
at org.testng.TestNG.runSuites(TestNG.java:1049)
at org.testng.TestNG.run(TestNG.java:1017)
at org.testng.remote.AbstractRemoteTestNG.run(AbstractRemoteTestNG.java:114)
at org.testng.remote.RemoteTestNG.initAndRun(RemoteTestNG.java:251)
at org.testng.remote.RemoteTestNG.main(RemoteTestNG.java:77)
]]>
    </error>
  </testcase> <!-- SMS_tempalteSetup -->
  <testcase name="changeCustEMail" time="66.281" classname="BillRunFirst.ElectBillRun"/>
  <testcase name="Create_Cycle" time="27.953" classname="BillRunFirst.ElectBillRun"/>
  <testcase name="Service_And_Read" time="69.099" classname="BillRunFirst.ElectBillRun"/>
  <testcase name="bill_with_DOWNLOAD_PDF_and_Commit" time="121.841" classname="BillRunFirst.ElectBillRun"/>
  <testcase name="SecondMonthRead" time="43.809" classname="BillRunFirst.ElectBillRun"/>
  <testcase name="makePaymentsForFirstBillRun" time="43.205" classname="BillRunFirst.ElectBillRun"/>
  <testcase name="addManualChargesForSecondMonth" time="52.743" classname="BillRunFirst.ElectBillRun"/>
  <testcase name="importMeterReadForSecondMonth" time="5.026" classname="BillRunFirst.ElectBillRun"/>
  <testcase name="editRatePlanForSecondBillRun" time="15.004" classname="BillRunFirst.ElectBillRun"/>
  <testcase name="Second_bill_with_ROLLBACK" time="20.627" classname="BillRunFirst.ElectBillRun"/>
  <testcase name="makePaymentsForSecondBillRun" time="39.197" classname="BillRunFirst.ElectBillRun"/>
</testsuite> <!-- BillRunFirst.ElectBillRun -->
